#
# There is insufficient memory for the Java Runtime Environment to continue.
# Native memory allocation (malloc) failed to allocate 1677648 bytes. Error detail: Chunk::new
# Possible reasons:
#   The system is out of physical RAM or swap space
#   This process is running with CompressedOops enabled, and the Java Heap may be blocking the growth of the native heap
# Possible solutions:
#   Reduce memory load on the system
#   Increase physical memory or swap space
#   Check if swap backing store is full
#   Decrease Java heap size (-Xmx/-Xms)
#   Decrease number of Java threads
#   Decrease Java thread stack sizes (-Xss)
#   Set larger code cache with -XX:ReservedCodeCacheSize=
#   JVM is running with Unscaled Compressed Oops mode in which the Java heap is
#     placed in the first 4GB address space. The Java Heap base address is the
#     maximum limit for the native heap growth. Please use -XX:HeapBaseMinAddress
#     to set the Java Heap base and to place the Java Heap above 4GB virtual address.
# This output file may be truncated or incomplete.
#
#  Out of Memory Error (arena.cpp:168), pid=49028, tid=34100
#
# JRE version: OpenJDK Runtime Environment (21.0.6) (build 21.0.6+-13391695-b895.109)
# Java VM: OpenJDK 64-Bit Server VM (21.0.6+-13391695-b895.109, mixed mode, tiered, compressed oops, compressed class ptrs, g1 gc, windows-amd64)
# No core dump will be written. Minidumps are not enabled by default on client versions of Windows
#

---------------  S U M M A R Y ------------

Command Line: --add-opens=java.base/java.lang=ALL-UNNAMED --add-opens=java.base/java.lang.invoke=ALL-UNNAMED --add-opens=java.base/java.util=ALL-UNNAMED --add-opens=java.prefs/java.util.prefs=ALL-UNNAMED --add-exports=jdk.compiler/com.sun.tools.javac.api=ALL-UNNAMED --add-exports=jdk.compiler/com.sun.tools.javac.util=ALL-UNNAMED --add-opens=java.base/java.util=ALL-UNNAMED --add-opens=java.prefs/java.util.prefs=ALL-UNNAMED --add-opens=java.base/java.nio.charset=ALL-UNNAMED --add-opens=java.base/java.net=ALL-UNNAMED --add-opens=java.base/java.util.concurrent.atomic=ALL-UNNAMED --add-opens=java.xml/javax.xml.namespace=ALL-UNNAMED -Xmx2048m -Dfile.encoding=UTF-8 -Duser.country=BR -Duser.language=pt -Duser.variant -javaagent:C:\Users\Victor Gimenes\.gradle\wrapper\dists\gradle-8.13-bin\5xuhj0ry160q40clulazy9h7d\gradle-8.13\lib\agents\gradle-instrumentation-agent-8.13.jar org.gradle.launcher.daemon.bootstrap.GradleDaemon 8.13

Host: 11th Gen Intel(R) Core(TM) i7-11800H @ 2.30GHz, 16 cores, 15G,  Windows 11 , 64 bit Build 26100 (10.0.26100.6725)
Time: Thu Oct 30 12:13:17 2025 Hora oficial do Brasil elapsed time: 5.944541 seconds (0d 0h 0m 5s)

---------------  T H R E A D  ---------------

Current thread (0x000001d653beca40):  JavaThread "C2 CompilerThread1" daemon [_thread_in_native, id=34100, stack(0x0000008a55f00000,0x0000008a56000000) (1024K)]


Current CompileTask:
C2:5944 6608   !   4       java.net.URLClassLoader::findClass (47 bytes)

Stack: [0x0000008a55f00000,0x0000008a56000000]
Native frames: (J=compiled Java code, j=interpreted, Vv=VM code, C=native code)
V  [jvm.dll+0x6d0639]
V  [jvm.dll+0x85eb03]
V  [jvm.dll+0x86105e]
V  [jvm.dll+0x861743]
V  [jvm.dll+0x27e6e6]
V  [jvm.dll+0xbff6d]
V  [jvm.dll+0xc04a3]
V  [jvm.dll+0x3b61ab]
V  [jvm.dll+0x3820c7]
V  [jvm.dll+0x38153a]
V  [jvm.dll+0x247c82]
V  [jvm.dll+0x247251]
V  [jvm.dll+0x1c5f04]
V  [jvm.dll+0x2569ac]
V  [jvm.dll+0x254ef6]
V  [jvm.dll+0x3f0e96]
V  [jvm.dll+0x806ed8]
V  [jvm.dll+0x6cef0d]
C  [ucrtbase.dll+0x37b0]
C  [KERNEL32.DLL+0x2e8d7]
C  [ntdll.dll+0x8c53c]


---------------  P R O C E S S  ---------------

Threads class SMR info:
_java_thread_list=0x000001d656ae5ea0, length=53, elements={
0x000001d6349f0200, 0x000001d64cde6710, 0x000001d64cde9ce0, 0x000001d64ce0cfe0,
0x000001d64cdeb3d0, 0x000001d64cdec5a0, 0x000001d64cdceff0, 0x000001d64ce15f60,
0x000001d64cdc9750, 0x000001d64cf8a920, 0x000001d64d258530, 0x000001d652fc2ed0,
0x000001d6530e6560, 0x000001d653506740, 0x000001d65330daa0, 0x000001d653310ec0,
0x000001d6532f8cf0, 0x000001d6532f5e30, 0x000001d6535d3360, 0x000001d653164cf0,
0x000001d653167450, 0x000001d653165a10, 0x000001d6531660a0, 0x000001d653166730,
0x000001d653166dc0, 0x000001d653164660, 0x000001d653165380, 0x000001d653163fd0,
0x000001d6560ac390, 0x000001d6560aca20, 0x000001d6560ae460, 0x000001d6560aafe0,
0x000001d6560ad0b0, 0x000001d6560aeaf0, 0x000001d6560ab670, 0x000001d6560af180,
0x000001d6560abd00, 0x000001d6560b2600, 0x000001d6560af810, 0x000001d6560afea0,
0x000001d6560b1f70, 0x000001d6560b0530, 0x000001d6560b0bc0, 0x000001d6560b1250,
0x000001d6560b18e0, 0x000001d656cf7030, 0x000001d656cf9790, 0x000001d656cfab40,
0x000001d656cf76c0, 0x000001d656cf8a70, 0x000001d656cf7d50, 0x000001d656cf9100,
0x000001d653beca40
}

Java Threads: ( => current thread )
  0x000001d6349f0200 JavaThread "main"                              [_thread_blocked, id=38060, stack(0x0000008a54a00000,0x0000008a54b00000) (1024K)]
  0x000001d64cde6710 JavaThread "Reference Handler"          daemon [_thread_blocked, id=23292, stack(0x0000008a55200000,0x0000008a55300000) (1024K)]
  0x000001d64cde9ce0 JavaThread "Finalizer"                  daemon [_thread_blocked, id=50856, stack(0x0000008a55300000,0x0000008a55400000) (1024K)]
  0x000001d64ce0cfe0 JavaThread "Signal Dispatcher"          daemon [_thread_blocked, id=27440, stack(0x0000008a55400000,0x0000008a55500000) (1024K)]
  0x000001d64cdeb3d0 JavaThread "Attach Listener"            daemon [_thread_blocked, id=21840, stack(0x0000008a55500000,0x0000008a55600000) (1024K)]
  0x000001d64cdec5a0 JavaThread "Service Thread"             daemon [_thread_blocked, id=39468, stack(0x0000008a55600000,0x0000008a55700000) (1024K)]
  0x000001d64cdceff0 JavaThread "Monitor Deflation Thread"   daemon [_thread_blocked, id=48528, stack(0x0000008a55700000,0x0000008a55800000) (1024K)]
  0x000001d64ce15f60 JavaThread "C2 CompilerThread0"         daemon [_thread_in_native, id=28868, stack(0x0000008a55800000,0x0000008a55900000) (1024K)]
  0x000001d64cdc9750 JavaThread "C1 CompilerThread0"         daemon [_thread_blocked, id=43880, stack(0x0000008a55900000,0x0000008a55a00000) (1024K)]
  0x000001d64cf8a920 JavaThread "Common-Cleaner"             daemon [_thread_blocked, id=34992, stack(0x0000008a55a00000,0x0000008a55b00000) (1024K)]
  0x000001d64d258530 JavaThread "Notification Thread"        daemon [_thread_blocked, id=52540, stack(0x0000008a55e00000,0x0000008a55f00000) (1024K)]
  0x000001d652fc2ed0 JavaThread "Daemon health stats"               [_thread_blocked, id=13640, stack(0x0000008a56200000,0x0000008a56300000) (1024K)]
  0x000001d6530e6560 JavaThread "Incoming local TCP Connector on port 59513"        [_thread_in_native, id=38148, stack(0x0000008a56800000,0x0000008a56900000) (1024K)]
  0x000001d653506740 JavaThread "Daemon periodic checks"            [_thread_blocked, id=22176, stack(0x0000008a57000000,0x0000008a57100000) (1024K)]
  0x000001d65330daa0 JavaThread "Daemon"                            [_thread_blocked, id=49184, stack(0x0000008a57100000,0x0000008a57200000) (1024K)]
  0x000001d653310ec0 JavaThread "Handler for socket connection from /127.0.0.1:59513 to /127.0.0.1:59514"        [_thread_in_native, id=36572, stack(0x0000008a57200000,0x0000008a57300000) (1024K)]
  0x000001d6532f8cf0 JavaThread "Cancel handler"                    [_thread_blocked, id=35512, stack(0x0000008a57300000,0x0000008a57400000) (1024K)]
  0x000001d6532f5e30 JavaThread "Daemon worker"                     [_thread_in_Java, id=25040, stack(0x0000008a57400000,0x0000008a57500000) (1024K)]
  0x000001d6535d3360 JavaThread "Asynchronous log dispatcher for DefaultDaemonConnection: socket connection from /127.0.0.1:59513 to /127.0.0.1:59514"        [_thread_blocked, id=14252, stack(0x0000008a57500000,0x0000008a57600000) (1024K)]
  0x000001d653164cf0 JavaThread "Stdin handler"                     [_thread_blocked, id=8056, stack(0x0000008a57600000,0x0000008a57700000) (1024K)]
  0x000001d653167450 JavaThread "Daemon client event forwarder"        [_thread_blocked, id=51272, stack(0x0000008a57700000,0x0000008a57800000) (1024K)]
  0x000001d653165a10 JavaThread "Cache worker for journal cache (C:\Users\Victor Gimenes\.gradle\caches\journal-1)"        [_thread_blocked, id=46944, stack(0x0000008a56100000,0x0000008a56200000) (1024K)]
  0x000001d6531660a0 JavaThread "File lock request listener"        [_thread_in_native, id=13808, stack(0x0000008a57a00000,0x0000008a57b00000) (1024K)]
  0x000001d653166730 JavaThread "Cache worker for file hash cache (C:\Users\Victor Gimenes\.gradle\caches\8.13\fileHashes)"        [_thread_blocked, id=16332, stack(0x0000008a57b00000,0x0000008a57c00000) (1024K)]
  0x000001d653166dc0 JavaThread "Cache worker for file hash cache (C:\Users\Victor Gimenes\AndroidStudioProjects\Camera\.gradle\8.13\fileHashes)"        [_thread_blocked, id=23308, stack(0x0000008a57d00000,0x0000008a57e00000) (1024K)]
  0x000001d653164660 JavaThread "Cache worker for Build Output Cleanup Cache (C:\Users\Victor Gimenes\AndroidStudioProjects\Camera\.gradle\buildOutputCleanup)"        [_thread_blocked, id=27504, stack(0x0000008a57e00000,0x0000008a57f00000) (1024K)]
  0x000001d653165380 JavaThread "File watcher server"        daemon [_thread_in_native, id=40356, stack(0x0000008a57f00000,0x0000008a58000000) (1024K)]
  0x000001d653163fd0 JavaThread "File watcher consumer"      daemon [_thread_blocked, id=35364, stack(0x0000008a58000000,0x0000008a58100000) (1024K)]
  0x000001d6560ac390 JavaThread "jar transforms"                    [_thread_blocked, id=41804, stack(0x0000008a58100000,0x0000008a58200000) (1024K)]
  0x000001d6560aca20 JavaThread "jar transforms Thread 2"           [_thread_blocked, id=35640, stack(0x0000008a58200000,0x0000008a58300000) (1024K)]
  0x000001d6560ae460 JavaThread "Cache worker for checksums cache (C:\Users\Victor Gimenes\AndroidStudioProjects\Camera\.gradle\8.13\checksums)"        [_thread_blocked, id=19872, stack(0x0000008a58300000,0x0000008a58400000) (1024K)]
  0x000001d6560aafe0 JavaThread "Cache worker for file content cache (C:\Users\Victor Gimenes\.gradle\caches\8.13\fileContent)"        [_thread_blocked, id=48356, stack(0x0000008a58400000,0x0000008a58500000) (1024K)]
  0x000001d6560ad0b0 JavaThread "jar transforms Thread 3"           [_thread_blocked, id=23940, stack(0x0000008a58500000,0x0000008a58600000) (1024K)]
  0x000001d6560aeaf0 JavaThread "Cache worker for cache directory md-supplier (C:\Users\Victor Gimenes\.gradle\caches\8.13\md-supplier)"        [_thread_blocked, id=21372, stack(0x0000008a58600000,0x0000008a58700000) (1024K)]
  0x000001d6560ab670 JavaThread "Cache worker for cache directory md-rule (C:\Users\Victor Gimenes\.gradle\caches\8.13\md-rule)"        [_thread_blocked, id=20860, stack(0x0000008a58700000,0x0000008a58800000) (1024K)]
  0x000001d6560af180 JavaThread "Unconstrained build operations"        [_thread_blocked, id=40148, stack(0x0000008a58800000,0x0000008a58900000) (1024K)]
  0x000001d6560abd00 JavaThread "Unconstrained build operations Thread 2"        [_thread_blocked, id=14104, stack(0x0000008a58900000,0x0000008a58a00000) (1024K)]
  0x000001d6560b2600 JavaThread "Unconstrained build operations Thread 3"        [_thread_blocked, id=2360, stack(0x0000008a58a00000,0x0000008a58b00000) (1024K)]
  0x000001d6560af810 JavaThread "Unconstrained build operations Thread 4"        [_thread_blocked, id=30276, stack(0x0000008a58b00000,0x0000008a58c00000) (1024K)]
  0x000001d6560afea0 JavaThread "Unconstrained build operations Thread 5"        [_thread_blocked, id=49000, stack(0x0000008a58c00000,0x0000008a58d00000) (1024K)]
  0x000001d6560b1f70 JavaThread "Unconstrained build operations Thread 6"        [_thread_blocked, id=12256, stack(0x0000008a58d00000,0x0000008a58e00000) (1024K)]
  0x000001d6560b0530 JavaThread "Unconstrained build operations Thread 7"        [_thread_blocked, id=52836, stack(0x0000008a58e00000,0x0000008a58f00000) (1024K)]
  0x000001d6560b0bc0 JavaThread "Unconstrained build operations Thread 8"        [_thread_blocked, id=44664, stack(0x0000008a58f00000,0x0000008a59000000) (1024K)]
  0x000001d6560b1250 JavaThread "jar transforms Thread 4"           [_thread_blocked, id=14788, stack(0x0000008a59000000,0x0000008a59100000) (1024K)]
  0x000001d6560b18e0 JavaThread "jar transforms Thread 5"           [_thread_blocked, id=43728, stack(0x0000008a59100000,0x0000008a59200000) (1024K)]
  0x000001d656cf7030 JavaThread "Unconstrained build operations Thread 9"        [_thread_blocked, id=24652, stack(0x0000008a59200000,0x0000008a59300000) (1024K)]
  0x000001d656cf9790 JavaThread "Unconstrained build operations Thread 10"        [_thread_blocked, id=13124, stack(0x0000008a59300000,0x0000008a59400000) (1024K)]
  0x000001d656cfab40 JavaThread "Unconstrained build operations Thread 11"        [_thread_blocked, id=40308, stack(0x0000008a59400000,0x0000008a59500000) (1024K)]
  0x000001d656cf76c0 JavaThread "Unconstrained build operations Thread 12"        [_thread_blocked, id=24668, stack(0x0000008a59500000,0x0000008a59600000) (1024K)]
  0x000001d656cf8a70 JavaThread "jar transforms Thread 6"           [_thread_blocked, id=24096, stack(0x0000008a59600000,0x0000008a59700000) (1024K)]
  0x000001d656cf7d50 JavaThread "jar transforms Thread 7"           [_thread_blocked, id=14500, stack(0x0000008a59700000,0x0000008a59800000) (1024K)]
  0x000001d656cf9100 JavaThread "jar transforms Thread 8"           [_thread_blocked, id=41812, stack(0x0000008a59800000,0x0000008a59900000) (1024K)]
=>0x000001d653beca40 JavaThread "C2 CompilerThread1"         daemon [_thread_in_native, id=34100, stack(0x0000008a55f00000,0x0000008a56000000) (1024K)]
Total: 53

Other Threads:
  0x000001d64cc6d030 VMThread "VM Thread"                           [id=20200, stack(0x0000008a55100000,0x0000008a55200000) (1024K)]
  0x000001d64cc1c5a0 WatcherThread "VM Periodic Task Thread"        [id=54188, stack(0x0000008a55000000,0x0000008a55100000) (1024K)]
  0x000001d6327ee060 WorkerThread "GC Thread#0"                     [id=28252, stack(0x0000008a54b00000,0x0000008a54c00000) (1024K)]
  0x000001d64d948240 WorkerThread "GC Thread#1"                     [id=22616, stack(0x0000008a56300000,0x0000008a56400000) (1024K)]
  0x000001d64d4e1f20 WorkerThread "GC Thread#2"                     [id=20476, stack(0x0000008a56400000,0x0000008a56500000) (1024K)]
  0x000001d64d4691b0 WorkerThread "GC Thread#3"                     [id=46764, stack(0x0000008a56500000,0x0000008a56600000) (1024K)]
  0x000001d64d676980 WorkerThread "GC Thread#4"                     [id=48532, stack(0x0000008a56600000,0x0000008a56700000) (1024K)]
  0x000001d64d675ea0 WorkerThread "GC Thread#5"                     [id=46584, stack(0x0000008a56700000,0x0000008a56800000) (1024K)]
  0x000001d64d675b00 WorkerThread "GC Thread#6"                     [id=36512, stack(0x0000008a56900000,0x0000008a56a00000) (1024K)]
  0x000001d64d676240 WorkerThread "GC Thread#7"                     [id=45188, stack(0x0000008a56a00000,0x0000008a56b00000) (1024K)]
  0x000001d64d6765e0 WorkerThread "GC Thread#8"                     [id=22408, stack(0x0000008a56b00000,0x0000008a56c00000) (1024K)]
  0x000001d64d6770c0 WorkerThread "GC Thread#9"                     [id=45928, stack(0x0000008a56c00000,0x0000008a56d00000) (1024K)]
  0x000001d653502b20 WorkerThread "GC Thread#10"                    [id=15072, stack(0x0000008a56d00000,0x0000008a56e00000) (1024K)]
  0x000001d653503d40 WorkerThread "GC Thread#11"                    [id=18840, stack(0x0000008a56e00000,0x0000008a56f00000) (1024K)]
  0x000001d653506180 WorkerThread "GC Thread#12"                    [id=44824, stack(0x0000008a56f00000,0x0000008a57000000) (1024K)]
  0x000001d634a57bf0 ConcurrentGCThread "G1 Main Marker"            [id=14580, stack(0x0000008a54c00000,0x0000008a54d00000) (1024K)]
  0x000001d634a58600 WorkerThread "G1 Conc#0"                       [id=32896, stack(0x0000008a54d00000,0x0000008a54e00000) (1024K)]
  0x000001d653505a40 WorkerThread "G1 Conc#1"                       [id=10512, stack(0x0000008a57800000,0x0000008a57900000) (1024K)]
  0x000001d653502780 WorkerThread "G1 Conc#2"                       [id=30268, stack(0x0000008a57900000,0x0000008a57a00000) (1024K)]
  0x000001d64cb57330 ConcurrentGCThread "G1 Refine#0"               [id=15924, stack(0x0000008a54e00000,0x0000008a54f00000) (1024K)]
  0x000001d64cb57cb0 ConcurrentGCThread "G1 Service"                [id=7360, stack(0x0000008a54f00000,0x0000008a55000000) (1024K)]
Total: 21

Threads with active compile tasks:
C2 CompilerThread0  5963 6600       4       java.net.URLClassLoader$1::run (5 bytes)
C2 CompilerThread1  5963 6608   !   4       java.net.URLClassLoader::findClass (47 bytes)
Total: 2

VM state: not at safepoint (normal execution)

VM Mutex/Monitor currently owned by a thread: None

Heap address: 0x0000000080000000, size: 2048 MB, Compressed Oops mode: 32-bit

CDS archive(s) not mapped
Compressed class space mapped at: 0x0000000100000000-0x0000000140000000, reserved size: 1073741824
Narrow klass base: 0x0000000000000000, Narrow klass shift: 3, Narrow klass range: 0x140000000

GC Precious Log:
 CardTable entry size: 512
 Card Set container configuration: InlinePtr #cards 5 size 8 Array Of Cards #cards 12 size 40 Howl #buckets 4 coarsen threshold 1843 Howl Bitmap #cards 512 size 80 coarsen threshold 460 Card regions per heap region 1 cards per card region 2048
 CPUs: 16 total, 16 available
 Memory: 16110M
 Large Page Support: Disabled
 NUMA Support: Disabled
 Compressed Oops: Enabled (32-bit)
 Heap Region Size: 1M
 Heap Min Capacity: 8M
 Heap Initial Capacity: 252M
 Heap Max Capacity: 2G
 Pre-touch: Disabled
 Parallel Workers: 13
 Concurrent Workers: 3
 Concurrent Refinement Workers: 13
 Periodic GC: Disabled

Heap:
 garbage-first heap   total 113664K, used 83137K [0x0000000080000000, 0x0000000100000000)
  region size 1024K, 42 young (43008K), 3 survivors (3072K)
 Metaspace       used 68715K, committed 70528K, reserved 1114112K
  class space    used 9335K, committed 10240K, reserved 1048576K

Heap Regions: E=young(eden), S=young(survivor), O=old, HS=humongous(starts), HC=humongous(continues), CS=collection set, F=free, TAMS=top-at-mark-start, PB=parsable bottom
|   0|0x0000000080000000, 0x0000000080100000, 0x0000000080100000|100%|HS|  |TAMS 0x0000000080000000| PB 0x0000000080000000| Complete 
|   1|0x0000000080100000, 0x0000000080200000, 0x0000000080200000|100%|HC|  |TAMS 0x0000000080100000| PB 0x0000000080100000| Complete 
|   2|0x0000000080200000, 0x0000000080300000, 0x0000000080300000|100%|HC|  |TAMS 0x0000000080200000| PB 0x0000000080200000| Complete 
|   3|0x0000000080300000, 0x0000000080400000, 0x0000000080400000|100%| O|  |TAMS 0x0000000080300000| PB 0x0000000080300000| Untracked 
|   4|0x0000000080400000, 0x0000000080500000, 0x0000000080500000|100%| O|  |TAMS 0x0000000080400000| PB 0x0000000080400000| Untracked 
|   5|0x0000000080500000, 0x0000000080600000, 0x0000000080600000|100%| O|  |TAMS 0x0000000080500000| PB 0x0000000080500000| Untracked 
|   6|0x0000000080600000, 0x0000000080700000, 0x0000000080700000|100%|HS|  |TAMS 0x0000000080600000| PB 0x0000000080600000| Complete 
|   7|0x0000000080700000, 0x0000000080800000, 0x0000000080800000|100%| O|  |TAMS 0x0000000080700000| PB 0x0000000080700000| Untracked 
|   8|0x0000000080800000, 0x0000000080900000, 0x0000000080900000|100%| O|  |TAMS 0x0000000080800000| PB 0x0000000080800000| Untracked 
|   9|0x0000000080900000, 0x0000000080a00000, 0x0000000080a00000|100%| O|  |TAMS 0x0000000080900000| PB 0x0000000080900000| Untracked 
|  10|0x0000000080a00000, 0x0000000080b00000, 0x0000000080b00000|100%| O|  |TAMS 0x0000000080a00000| PB 0x0000000080a00000| Untracked 
|  11|0x0000000080b00000, 0x0000000080c00000, 0x0000000080c00000|100%| O|  |TAMS 0x0000000080b00000| PB 0x0000000080b00000| Untracked 
|  12|0x0000000080c00000, 0x0000000080d00000, 0x0000000080d00000|100%| O|  |TAMS 0x0000000080c00000| PB 0x0000000080c00000| Untracked 
|  13|0x0000000080d00000, 0x0000000080e00000, 0x0000000080e00000|100%| O|  |TAMS 0x0000000080d00000| PB 0x0000000080d00000| Untracked 
|  14|0x0000000080e00000, 0x0000000080f00000, 0x0000000080f00000|100%| O|  |TAMS 0x0000000080e00000| PB 0x0000000080e00000| Untracked 
|  15|0x0000000080f00000, 0x0000000081000000, 0x0000000081000000|100%| O|  |TAMS 0x0000000080f00000| PB 0x0000000080f00000| Untracked 
|  16|0x0000000081000000, 0x0000000081100000, 0x0000000081100000|100%| O|  |TAMS 0x0000000081000000| PB 0x0000000081000000| Untracked 
|  17|0x0000000081100000, 0x0000000081200000, 0x0000000081200000|100%| O|  |TAMS 0x0000000081100000| PB 0x0000000081100000| Untracked 
|  18|0x0000000081200000, 0x0000000081300000, 0x0000000081300000|100%| O|  |TAMS 0x0000000081200000| PB 0x0000000081200000| Untracked 
|  19|0x0000000081300000, 0x0000000081400000, 0x0000000081400000|100%| O|  |TAMS 0x0000000081300000| PB 0x0000000081300000| Untracked 
|  20|0x0000000081400000, 0x0000000081500000, 0x0000000081500000|100%| O|Cm|TAMS 0x0000000081400000| PB 0x0000000081400000| Complete 
|  21|0x0000000081500000, 0x0000000081600000, 0x0000000081600000|100%| O|  |TAMS 0x0000000081500000| PB 0x0000000081500000| Untracked 
|  22|0x0000000081600000, 0x0000000081700000, 0x0000000081700000|100%| O|  |TAMS 0x0000000081600000| PB 0x0000000081600000| Untracked 
|  23|0x0000000081700000, 0x0000000081800000, 0x0000000081800000|100%| O|  |TAMS 0x0000000081700000| PB 0x0000000081700000| Untracked 
|  24|0x0000000081800000, 0x0000000081900000, 0x0000000081900000|100%| O|  |TAMS 0x0000000081800000| PB 0x0000000081800000| Untracked 
|  25|0x0000000081900000, 0x0000000081a00000, 0x0000000081a00000|100%| O|  |TAMS 0x0000000081900000| PB 0x0000000081900000| Untracked 
|  26|0x0000000081a00000, 0x0000000081b00000, 0x0000000081b00000|100%| O|  |TAMS 0x0000000081a00000| PB 0x0000000081a00000| Untracked 
|  27|0x0000000081b00000, 0x0000000081b00000, 0x0000000081c00000|  0%| F|  |TAMS 0x0000000081b00000| PB 0x0000000081b00000| Untracked 
|  28|0x0000000081c00000, 0x0000000081d00000, 0x0000000081d00000|100%| O|  |TAMS 0x0000000081c00000| PB 0x0000000081c00000| Untracked 
|  29|0x0000000081d00000, 0x0000000081e00000, 0x0000000081e00000|100%| O|  |TAMS 0x0000000081d00000| PB 0x0000000081d00000| Untracked 
|  30|0x0000000081e00000, 0x0000000081e4be78, 0x0000000081f00000| 29%| O|  |TAMS 0x0000000081e00000| PB 0x0000000081e00000| Untracked 
|  31|0x0000000081f00000, 0x0000000081f00000, 0x0000000082000000|  0%| F|  |TAMS 0x0000000081f00000| PB 0x0000000081f00000| Untracked 
|  32|0x0000000082000000, 0x0000000082100000, 0x0000000082100000|100%| O|  |TAMS 0x0000000082000000| PB 0x0000000082000000| Untracked 
|  33|0x0000000082100000, 0x0000000082200000, 0x0000000082200000|100%| O|  |TAMS 0x0000000082100000| PB 0x0000000082100000| Untracked 
|  34|0x0000000082200000, 0x0000000082300000, 0x0000000082300000|100%| O|  |TAMS 0x0000000082200000| PB 0x0000000082200000| Untracked 
|  35|0x0000000082300000, 0x0000000082300000, 0x0000000082400000|  0%| F|  |TAMS 0x0000000082300000| PB 0x0000000082300000| Untracked 
|  36|0x0000000082400000, 0x0000000082400000, 0x0000000082500000|  0%| F|  |TAMS 0x0000000082400000| PB 0x0000000082400000| Untracked 
|  37|0x0000000082500000, 0x0000000082500000, 0x0000000082600000|  0%| F|  |TAMS 0x0000000082500000| PB 0x0000000082500000| Untracked 
|  38|0x0000000082600000, 0x0000000082600000, 0x0000000082700000|  0%| F|  |TAMS 0x0000000082600000| PB 0x0000000082600000| Untracked 
|  39|0x0000000082700000, 0x0000000082700000, 0x0000000082800000|  0%| F|  |TAMS 0x0000000082700000| PB 0x0000000082700000| Untracked 
|  40|0x0000000082800000, 0x00000000828e4600, 0x0000000082900000| 89%| S|CS|TAMS 0x0000000082800000| PB 0x0000000082800000| Complete 
|  41|0x0000000082900000, 0x0000000082a00000, 0x0000000082a00000|100%| S|CS|TAMS 0x0000000082900000| PB 0x0000000082900000| Complete 
|  42|0x0000000082a00000, 0x0000000082b00000, 0x0000000082b00000|100%| S|CS|TAMS 0x0000000082a00000| PB 0x0000000082a00000| Complete 
|  43|0x0000000082b00000, 0x0000000082b00000, 0x0000000082c00000|  0%| F|  |TAMS 0x0000000082b00000| PB 0x0000000082b00000| Untracked 
|  44|0x0000000082c00000, 0x0000000082c00000, 0x0000000082d00000|  0%| F|  |TAMS 0x0000000082c00000| PB 0x0000000082c00000| Untracked 
|  45|0x0000000082d00000, 0x0000000082d00000, 0x0000000082e00000|  0%| F|  |TAMS 0x0000000082d00000| PB 0x0000000082d00000| Untracked 
|  46|0x0000000082e00000, 0x0000000082e00000, 0x0000000082f00000|  0%| F|  |TAMS 0x0000000082e00000| PB 0x0000000082e00000| Untracked 
|  47|0x0000000082f00000, 0x0000000082f00000, 0x0000000083000000|  0%| F|  |TAMS 0x0000000082f00000| PB 0x0000000082f00000| Untracked 
|  48|0x0000000083000000, 0x0000000083000000, 0x0000000083100000|  0%| F|  |TAMS 0x0000000083000000| PB 0x0000000083000000| Untracked 
|  49|0x0000000083100000, 0x0000000083100000, 0x0000000083200000|  0%| F|  |TAMS 0x0000000083100000| PB 0x0000000083100000| Untracked 
|  50|0x0000000083200000, 0x0000000083200000, 0x0000000083300000|  0%| F|  |TAMS 0x0000000083200000| PB 0x0000000083200000| Untracked 
|  51|0x0000000083300000, 0x0000000083300000, 0x0000000083400000|  0%| F|  |TAMS 0x0000000083300000| PB 0x0000000083300000| Untracked 
|  52|0x0000000083400000, 0x0000000083400000, 0x0000000083500000|  0%| F|  |TAMS 0x0000000083400000| PB 0x0000000083400000| Untracked 
|  53|0x0000000083500000, 0x0000000083500000, 0x0000000083600000|  0%| F|  |TAMS 0x0000000083500000| PB 0x0000000083500000| Untracked 
|  54|0x0000000083600000, 0x0000000083600000, 0x0000000083700000|  0%| F|  |TAMS 0x0000000083600000| PB 0x0000000083600000| Untracked 
|  55|0x0000000083700000, 0x0000000083700000, 0x0000000083800000|  0%| F|  |TAMS 0x0000000083700000| PB 0x0000000083700000| Untracked 
|  56|0x0000000083800000, 0x0000000083800000, 0x0000000083900000|  0%| F|  |TAMS 0x0000000083800000| PB 0x0000000083800000| Untracked 
|  57|0x0000000083900000, 0x0000000083900000, 0x0000000083a00000|  0%| F|  |TAMS 0x0000000083900000| PB 0x0000000083900000| Untracked 
|  58|0x0000000083a00000, 0x0000000083a00000, 0x0000000083b00000|  0%| F|  |TAMS 0x0000000083a00000| PB 0x0000000083a00000| Untracked 
|  59|0x0000000083b00000, 0x0000000083b00000, 0x0000000083c00000|  0%| F|  |TAMS 0x0000000083b00000| PB 0x0000000083b00000| Untracked 
|  60|0x0000000083c00000, 0x0000000083c00000, 0x0000000083d00000|  0%| F|  |TAMS 0x0000000083c00000| PB 0x0000000083c00000| Untracked 
|  61|0x0000000083d00000, 0x0000000083d00000, 0x0000000083e00000|  0%| F|  |TAMS 0x0000000083d00000| PB 0x0000000083d00000| Untracked 
|  62|0x0000000083e00000, 0x0000000083e00000, 0x0000000083f00000|  0%| F|  |TAMS 0x0000000083e00000| PB 0x0000000083e00000| Untracked 
|  63|0x0000000083f00000, 0x0000000083f00000, 0x0000000084000000|  0%| F|  |TAMS 0x0000000083f00000| PB 0x0000000083f00000| Untracked 
|  64|0x0000000084000000, 0x0000000084100000, 0x0000000084100000|100%| E|  |TAMS 0x0000000084000000| PB 0x0000000084000000| Complete 
|  65|0x0000000084100000, 0x0000000084200000, 0x0000000084200000|100%| E|CS|TAMS 0x0000000084100000| PB 0x0000000084100000| Complete 
|  66|0x0000000084200000, 0x0000000084300000, 0x0000000084300000|100%| E|CS|TAMS 0x0000000084200000| PB 0x0000000084200000| Complete 
|  67|0x0000000084300000, 0x0000000084400000, 0x0000000084400000|100%| E|CS|TAMS 0x0000000084300000| PB 0x0000000084300000| Complete 
|  68|0x0000000084400000, 0x0000000084500000, 0x0000000084500000|100%| E|CS|TAMS 0x0000000084400000| PB 0x0000000084400000| Complete 
|  69|0x0000000084500000, 0x0000000084600000, 0x0000000084600000|100%| E|CS|TAMS 0x0000000084500000| PB 0x0000000084500000| Complete 
|  70|0x0000000084600000, 0x0000000084700000, 0x0000000084700000|100%| E|CS|TAMS 0x0000000084600000| PB 0x0000000084600000| Complete 
|  71|0x0000000084700000, 0x0000000084800000, 0x0000000084800000|100%| E|CS|TAMS 0x0000000084700000| PB 0x0000000084700000| Complete 
|  72|0x0000000084800000, 0x0000000084900000, 0x0000000084900000|100%| E|CS|TAMS 0x0000000084800000| PB 0x0000000084800000| Complete 
|  73|0x0000000084900000, 0x0000000084a00000, 0x0000000084a00000|100%| E|CS|TAMS 0x0000000084900000| PB 0x0000000084900000| Complete 
|  74|0x0000000084a00000, 0x0000000084b00000, 0x0000000084b00000|100%| E|CS|TAMS 0x0000000084a00000| PB 0x0000000084a00000| Complete 
|  75|0x0000000084b00000, 0x0000000084c00000, 0x0000000084c00000|100%| E|CS|TAMS 0x0000000084b00000| PB 0x0000000084b00000| Complete 
|  76|0x0000000084c00000, 0x0000000084d00000, 0x0000000084d00000|100%| E|CS|TAMS 0x0000000084c00000| PB 0x0000000084c00000| Complete 
|  77|0x0000000084d00000, 0x0000000084e00000, 0x0000000084e00000|100%| E|CS|TAMS 0x0000000084d00000| PB 0x0000000084d00000| Complete 
|  78|0x0000000084e00000, 0x0000000084f00000, 0x0000000084f00000|100%| E|CS|TAMS 0x0000000084e00000| PB 0x0000000084e00000| Complete 
|  79|0x0000000084f00000, 0x0000000085000000, 0x0000000085000000|100%| E|CS|TAMS 0x0000000084f00000| PB 0x0000000084f00000| Complete 
|  80|0x0000000085000000, 0x0000000085100000, 0x0000000085100000|100%| E|CS|TAMS 0x0000000085000000| PB 0x0000000085000000| Complete 
|  81|0x0000000085100000, 0x0000000085200000, 0x0000000085200000|100%| E|CS|TAMS 0x0000000085100000| PB 0x0000000085100000| Complete 
|  82|0x0000000085200000, 0x0000000085300000, 0x0000000085300000|100%| E|CS|TAMS 0x0000000085200000| PB 0x0000000085200000| Complete 
|  83|0x0000000085300000, 0x0000000085400000, 0x0000000085400000|100%| E|CS|TAMS 0x0000000085300000| PB 0x0000000085300000| Complete 
|  84|0x0000000085400000, 0x0000000085500000, 0x0000000085500000|100%| E|CS|TAMS 0x0000000085400000| PB 0x0000000085400000| Complete 
|  85|0x0000000085500000, 0x0000000085600000, 0x0000000085600000|100%| E|CS|TAMS 0x0000000085500000| PB 0x0000000085500000| Complete 
|  86|0x0000000085600000, 0x0000000085700000, 0x0000000085700000|100%| E|CS|TAMS 0x0000000085600000| PB 0x0000000085600000| Complete 
|  87|0x0000000085700000, 0x0000000085800000, 0x0000000085800000|100%| E|CS|TAMS 0x0000000085700000| PB 0x0000000085700000| Complete 
|  88|0x0000000085800000, 0x0000000085900000, 0x0000000085900000|100%| E|CS|TAMS 0x0000000085800000| PB 0x0000000085800000| Complete 
|  89|0x0000000085900000, 0x0000000085a00000, 0x0000000085a00000|100%| E|CS|TAMS 0x0000000085900000| PB 0x0000000085900000| Complete 
|  90|0x0000000085a00000, 0x0000000085b00000, 0x0000000085b00000|100%| E|CS|TAMS 0x0000000085a00000| PB 0x0000000085a00000| Complete 
| 229|0x000000008e500000, 0x000000008e600000, 0x000000008e600000|100%| E|CS|TAMS 0x000000008e500000| PB 0x000000008e500000| Complete 
| 230|0x000000008e600000, 0x000000008e700000, 0x000000008e700000|100%| E|CS|TAMS 0x000000008e600000| PB 0x000000008e600000| Complete 
| 231|0x000000008e700000, 0x000000008e800000, 0x000000008e800000|100%| E|CS|TAMS 0x000000008e700000| PB 0x000000008e700000| Complete 
| 232|0x000000008e800000, 0x000000008e900000, 0x000000008e900000|100%| E|CS|TAMS 0x000000008e800000| PB 0x000000008e800000| Complete 
| 233|0x000000008e900000, 0x000000008ea00000, 0x000000008ea00000|100%| E|CS|TAMS 0x000000008e900000| PB 0x000000008e900000| Complete 
| 234|0x000000008ea00000, 0x000000008eb00000, 0x000000008eb00000|100%| E|CS|TAMS 0x000000008ea00000| PB 0x000000008ea00000| Complete 
| 235|0x000000008eb00000, 0x000000008ec00000, 0x000000008ec00000|100%| E|CS|TAMS 0x000000008eb00000| PB 0x000000008eb00000| Complete 
| 236|0x000000008ec00000, 0x000000008ed00000, 0x000000008ed00000|100%| E|CS|TAMS 0x000000008ec00000| PB 0x000000008ec00000| Complete 
| 237|0x000000008ed00000, 0x000000008ee00000, 0x000000008ee00000|100%| E|CS|TAMS 0x000000008ed00000| PB 0x000000008ed00000| Complete 
| 238|0x000000008ee00000, 0x000000008ef00000, 0x000000008ef00000|100%| E|CS|TAMS 0x000000008ee00000| PB 0x000000008ee00000| Complete 
| 239|0x000000008ef00000, 0x000000008f000000, 0x000000008f000000|100%| E|CS|TAMS 0x000000008ef00000| PB 0x000000008ef00000| Complete 
| 251|0x000000008fb00000, 0x000000008fc00000, 0x000000008fc00000|100%| E|CS|TAMS 0x000000008fb00000| PB 0x000000008fb00000| Complete 
|2040|0x00000000ff800000, 0x00000000ff900000, 0x00000000ff900000|100%| O|  |TAMS 0x00000000ff800000| PB 0x00000000ff800000| Untracked 
|2041|0x00000000ff900000, 0x00000000ffa00000, 0x00000000ffa00000|100%| O|  |TAMS 0x00000000ff900000| PB 0x00000000ff900000| Untracked 
|2042|0x00000000ffa00000, 0x00000000ffb00000, 0x00000000ffb00000|100%| O|  |TAMS 0x00000000ffa00000| PB 0x00000000ffa00000| Untracked 
|2043|0x00000000ffb00000, 0x00000000ffc00000, 0x00000000ffc00000|100%| O|  |TAMS 0x00000000ffb00000| PB 0x00000000ffb00000| Untracked 
|2044|0x00000000ffc00000, 0x00000000ffd00000, 0x00000000ffd00000|100%| O|  |TAMS 0x00000000ffc00000| PB 0x00000000ffc00000| Untracked 
|2045|0x00000000ffd00000, 0x00000000ffe00000, 0x00000000ffe00000|100%| O|  |TAMS 0x00000000ffd00000| PB 0x00000000ffd00000| Untracked 
|2046|0x00000000ffe00000, 0x00000000fff00000, 0x00000000fff00000|100%| O|  |TAMS 0x00000000ffe00000| PB 0x00000000ffe00000| Untracked 
|2047|0x00000000fff00000, 0x0000000100000000, 0x0000000100000000|100%| O|  |TAMS 0x00000000fff00000| PB 0x00000000fff00000| Untracked 

Card table byte_map: [0x000001d6477d0000,0x000001d647bd0000] _byte_map_base: 0x000001d6473d0000

Marking Bits: (CMBitMap*) 0x000001d6327ee670
 Bits: [0x000001d647bd0000, 0x000001d649bd0000)

Polling page: 0x000001d632840000

Metaspace:

Usage:
  Non-class:     58.00 MB used.
      Class:      9.12 MB used.
       Both:     67.12 MB used.

Virtual space:
  Non-class space:       64.00 MB reserved,      58.88 MB ( 92%) committed,  1 nodes.
      Class space:        1.00 GB reserved,      10.00 MB ( <1%) committed,  1 nodes.
             Both:        1.06 GB reserved,      68.88 MB (  6%) committed. 

Chunk freelists:
   Non-Class:  4.70 MB
       Class:  6.03 MB
        Both:  10.74 MB

MaxMetaspaceSize: unlimited
CompressedClassSpaceSize: 1.00 GB
Initial GC threshold: 21.00 MB
Current GC threshold: 98.12 MB
CDS: off
 - commit_granule_bytes: 65536.
 - commit_granule_words: 8192.
 - virtual_space_node_default_size: 8388608.
 - enlarge_chunks_in_place: 1.
 - use_allocation_guard: 0.


Internal statistics:

num_allocs_failed_limit: 9.
num_arena_births: 3196.
num_arena_deaths: 0.
num_vsnodes_births: 2.
num_vsnodes_deaths: 0.
num_space_committed: 1102.
num_space_uncommitted: 0.
num_chunks_returned_to_freelist: 9.
num_chunks_taken_from_freelist: 6006.
num_chunk_merges: 9.
num_chunk_splits: 3917.
num_chunks_enlarged: 2454.
num_inconsistent_stats: 0.

CodeHeap 'non-profiled nmethods': size=119168Kb used=3672Kb max_used=3672Kb free=115495Kb
 bounds [0x000001d63f6e0000, 0x000001d63fa80000, 0x000001d646b40000]
CodeHeap 'profiled nmethods': size=119104Kb used=11504Kb max_used=11504Kb free=107599Kb
 bounds [0x000001d637b40000, 0x000001d638680000, 0x000001d63ef90000]
CodeHeap 'non-nmethods': size=7488Kb used=2984Kb max_used=4691Kb free=4503Kb
 bounds [0x000001d63ef90000, 0x000001d63f430000, 0x000001d63f6e0000]
 total_blobs=6900 nmethods=6013 adapters=791
 compilation: enabled
              stopped_count=0, restarted_count=0
 full_count=0

Compilation events (20 events):
Event: 4.907 Thread 0x000001d64cdc9080 nmethod 6618 0x000001d63866fc10 code [0x000001d63866fde0, 0x000001d6386700d8]
Event: 4.908 Thread 0x000001d64cdc7540 6619       3       com.google.common.collect.ImmutableSet::builder (8 bytes)
Event: 4.908 Thread 0x000001d64cdc7540 nmethod 6619 0x000001d638670210 code [0x000001d6386703e0, 0x000001d638670778]
Event: 4.909 Thread 0x000001d64cdc7540 6620       3       com.google.common.cache.LocalCache::usesWriteQueue (5 bytes)
Event: 4.909 Thread 0x000001d64cdc9080 6621       3       com.google.common.cache.LocalCache$Segment::newEntryArray (9 bytes)
Event: 4.909 Thread 0x000001d64cdc7540 nmethod 6620 0x000001d638670910 code [0x000001d638670ac0, 0x000001d638670c98]
Event: 4.909 Thread 0x000001d64cdc9080 nmethod 6621 0x000001d638670d90 code [0x000001d638670f40, 0x000001d638671248]
Event: 4.909 Thread 0x000001d64cdc7540 6622       3       java.lang.invoke.LambdaForm$Name::<init> (19 bytes)
Event: 4.909 Thread 0x000001d64cdc7540 nmethod 6622 0x000001d638671390 code [0x000001d6386715c0, 0x000001d638671c50]
Event: 4.923 Thread 0x000001d64cdc7540 6623       3       org.objectweb.asm.Frame::getInitializedType (163 bytes)
Event: 4.924 Thread 0x000001d64cdc7540 nmethod 6623 0x000001d638671f90 code [0x000001d6386721a0, 0x000001d6386726e8]
Event: 4.940 Thread 0x000001d64cdc9080 6625       3       org.gradle.internal.reflect.PropertyAccessorType::of (101 bytes)
Event: 4.941 Thread 0x000001d64cdc9080 nmethod 6625 0x000001d638672990 code [0x000001d638672d00, 0x000001d638674318]
Event: 4.941 Thread 0x000001d64cdca4f0 6626       3       com.google.common.reflect.TypeResolver$TypeTable::<init> (12 bytes)
Event: 4.941 Thread 0x000001d64cdc7540 6627       3       com.google.common.reflect.TypeResolver::<init> (10 bytes)
Event: 4.941 Thread 0x000001d64cdca4f0 nmethod 6626 0x000001d638674a10 code [0x000001d638674bc0, 0x000001d638674df0]
Event: 4.942 Thread 0x000001d64cdc7540 nmethod 6627 0x000001d638674f10 code [0x000001d6386750c0, 0x000001d638675278]
Event: 4.942 Thread 0x000001d64cdc9080 6628       1       sun.reflect.generics.tree.ClassSignature::getFormalTypeParameters (5 bytes)
Event: 4.942 Thread 0x000001d64cdc9080 nmethod 6628 0x000001d63fa75e90 code [0x000001d63fa76020, 0x000001d63fa760e8]
Event: 5.156 Thread 0x000001d64cdc9750 6629       3       java.util.concurrent.locks.AbstractQueuedSynchronizer$ConditionObject::unlinkCancelledWaiters (91 bytes)

GC Heap History (20 events):
Event: 1.678 GC heap before
{Heap before GC invocations=3 (full 0):
 garbage-first heap   total 258048K, used 30185K [0x0000000080000000, 0x0000000100000000)
  region size 1024K, 21 young (21504K), 9 survivors (9216K)
 Metaspace       used 21125K, committed 21504K, reserved 1114112K
  class space    used 2415K, committed 2560K, reserved 1048576K
}
Event: 1.681 GC heap after
{Heap after GC invocations=4 (full 0):
 garbage-first heap   total 258048K, used 20345K [0x0000000080000000, 0x0000000100000000)
  region size 1024K, 11 young (11264K), 11 survivors (11264K)
 Metaspace       used 21125K, committed 21504K, reserved 1114112K
  class space    used 2415K, committed 2560K, reserved 1048576K
}
Event: 2.195 GC heap before
{Heap before GC invocations=5 (full 0):
 garbage-first heap   total 71680K, used 69497K [0x0000000080000000, 0x0000000100000000)
  region size 1024K, 60 young (61440K), 11 survivors (11264K)
 Metaspace       used 29187K, committed 29760K, reserved 1114112K
  class space    used 3689K, committed 3968K, reserved 1048576K
}
Event: 2.199 GC heap after
{Heap after GC invocations=6 (full 0):
 garbage-first heap   total 84992K, used 22832K [0x0000000080000000, 0x0000000100000000)
  region size 1024K, 9 young (9216K), 9 survivors (9216K)
 Metaspace       used 29187K, committed 29760K, reserved 1114112K
  class space    used 3689K, committed 3968K, reserved 1048576K
}
Event: 2.572 GC heap before
{Heap before GC invocations=6 (full 0):
 garbage-first heap   total 84992K, used 63792K [0x0000000080000000, 0x0000000100000000)
  region size 1024K, 49 young (50176K), 9 survivors (9216K)
 Metaspace       used 34392K, committed 35264K, reserved 1114112K
  class space    used 4569K, committed 4992K, reserved 1048576K
}
Event: 2.575 GC heap after
{Heap after GC invocations=7 (full 0):
 garbage-first heap   total 84992K, used 25360K [0x0000000080000000, 0x0000000100000000)
  region size 1024K, 7 young (7168K), 7 survivors (7168K)
 Metaspace       used 34392K, committed 35264K, reserved 1114112K
  class space    used 4569K, committed 4992K, reserved 1048576K
}
Event: 2.622 GC heap before
{Heap before GC invocations=7 (full 0):
 garbage-first heap   total 84992K, used 30480K [0x0000000080000000, 0x0000000100000000)
  region size 1024K, 13 young (13312K), 7 survivors (7168K)
 Metaspace       used 35132K, committed 35968K, reserved 1114112K
  class space    used 4661K, committed 5056K, reserved 1048576K
}
Event: 2.625 GC heap after
{Heap after GC invocations=8 (full 0):
 garbage-first heap   total 84992K, used 25997K [0x0000000080000000, 0x0000000100000000)
  region size 1024K, 4 young (4096K), 4 survivors (4096K)
 Metaspace       used 35132K, committed 35968K, reserved 1114112K
  class space    used 4661K, committed 5056K, reserved 1048576K
}
Event: 3.091 GC heap before
{Heap before GC invocations=9 (full 0):
 garbage-first heap   total 84992K, used 71053K [0x0000000080000000, 0x0000000100000000)
  region size 1024K, 49 young (50176K), 4 survivors (4096K)
 Metaspace       used 43719K, committed 44608K, reserved 1114112K
  class space    used 5725K, committed 6144K, reserved 1048576K
}
Event: 3.094 GC heap after
{Heap after GC invocations=10 (full 0):
 garbage-first heap   total 84992K, used 30476K [0x0000000080000000, 0x0000000100000000)
  region size 1024K, 7 young (7168K), 7 survivors (7168K)
 Metaspace       used 43719K, committed 44608K, reserved 1114112K
  class space    used 5725K, committed 6144K, reserved 1048576K
}
Event: 3.364 GC heap before
{Heap before GC invocations=10 (full 0):
 garbage-first heap   total 84992K, used 77580K [0x0000000080000000, 0x0000000100000000)
  region size 1024K, 48 young (49152K), 7 survivors (7168K)
 Metaspace       used 47356K, committed 48448K, reserved 1114112K
  class space    used 6151K, committed 6656K, reserved 1048576K
}
Event: 3.370 GC heap after
{Heap after GC invocations=11 (full 0):
 garbage-first heap   total 90112K, used 33855K [0x0000000080000000, 0x0000000100000000)
  region size 1024K, 4 young (4096K), 4 survivors (4096K)
 Metaspace       used 47356K, committed 48448K, reserved 1114112K
  class space    used 6151K, committed 6656K, reserved 1048576K
}
Event: 3.671 GC heap before
{Heap before GC invocations=11 (full 0):
 garbage-first heap   total 90112K, used 76863K [0x0000000080000000, 0x0000000100000000)
  region size 1024K, 46 young (47104K), 4 survivors (4096K)
 Metaspace       used 52599K, committed 54080K, reserved 1114112K
  class space    used 7016K, committed 7744K, reserved 1048576K
}
Event: 3.674 GC heap after
{Heap after GC invocations=12 (full 0):
 garbage-first heap   total 90112K, used 36361K [0x0000000080000000, 0x0000000100000000)
  region size 1024K, 3 young (3072K), 3 survivors (3072K)
 Metaspace       used 52599K, committed 54080K, reserved 1114112K
  class space    used 7016K, committed 7744K, reserved 1048576K
}
Event: 4.110 GC heap before
{Heap before GC invocations=12 (full 0):
 garbage-first heap   total 90112K, used 79369K [0x0000000080000000, 0x0000000100000000)
  region size 1024K, 44 young (45056K), 3 survivors (3072K)
 Metaspace       used 57457K, committed 58944K, reserved 1114112K
  class space    used 7651K, committed 8384K, reserved 1048576K
}
Event: 4.114 GC heap after
{Heap after GC invocations=13 (full 0):
 garbage-first heap   total 90112K, used 41375K [0x0000000080000000, 0x0000000100000000)
  region size 1024K, 6 young (6144K), 6 survivors (6144K)
 Metaspace       used 57457K, committed 58944K, reserved 1114112K
  class space    used 7651K, committed 8384K, reserved 1048576K
}
Event: 4.255 GC heap before
{Heap before GC invocations=13 (full 0):
 garbage-first heap   total 90112K, used 75167K [0x0000000080000000, 0x0000000100000000)
  region size 1024K, 40 young (40960K), 6 survivors (6144K)
 Metaspace       used 58538K, committed 60160K, reserved 1114112K
  class space    used 7831K, committed 8640K, reserved 1048576K
}
Event: 4.259 GC heap after
{Heap after GC invocations=14 (full 0):
 garbage-first heap   total 90112K, used 42828K [0x0000000080000000, 0x0000000100000000)
  region size 1024K, 2 young (2048K), 2 survivors (2048K)
 Metaspace       used 58538K, committed 60160K, reserved 1114112K
  class space    used 7831K, committed 8640K, reserved 1048576K
}
Event: 4.599 GC heap before
{Heap before GC invocations=15 (full 0):
 garbage-first heap   total 90112K, used 78668K [0x0000000080000000, 0x0000000100000000)
  region size 1024K, 37 young (37888K), 2 survivors (2048K)
 Metaspace       used 63557K, committed 65152K, reserved 1114112K
  class space    used 8522K, committed 9280K, reserved 1048576K
}
Event: 4.601 GC heap after
{Heap after GC invocations=16 (full 0):
 garbage-first heap   total 113664K, used 44225K [0x0000000080000000, 0x0000000100000000)
  region size 1024K, 3 young (3072K), 3 survivors (3072K)
 Metaspace       used 63557K, committed 65152K, reserved 1114112K
  class space    used 8522K, committed 9280K, reserved 1048576K
}

Dll operation events (3 events):
Event: 0.007 Loaded shared library C:\Program Files\Android\Android Studio\jbr\bin\java.dll
Event: 0.011 Loaded shared library C:\Program Files\Android\Android Studio\jbr\bin\zip.dll
Event: 0.494 Loaded shared library C:\Program Files\Android\Android Studio\jbr\bin\verify.dll

Deoptimization events (20 events):
Event: 4.871 Thread 0x000001d6532f5e30 Uncommon trap: trap_request=0xffffffde fr.pc=0x000001d63f91cf9c relative=0x00000000000054fc
Event: 4.871 Thread 0x000001d6532f5e30 Uncommon trap: reason=class_check action=maybe_recompile pc=0x000001d63f91cf9c method=java.net.URLClassLoader.defineClass(Ljava/lang/String;Ljdk/internal/loader/Resource;)Ljava/lang/Class; @ 34 c2
Event: 4.871 Thread 0x000001d6532f5e30 DEOPT PACKING pc=0x000001d63f91cf9c sp=0x0000008a574f89e0
Event: 4.871 Thread 0x000001d6532f5e30 DEOPT UNPACKING pc=0x000001d63efe7da2 sp=0x0000008a574f87b8 mode 2
Event: 4.872 Thread 0x000001d6532f5e30 Uncommon trap: trap_request=0xffffffde fr.pc=0x000001d63f91cf9c relative=0x00000000000054fc
Event: 4.872 Thread 0x000001d6532f5e30 Uncommon trap: reason=class_check action=maybe_recompile pc=0x000001d63f91cf9c method=java.net.URLClassLoader.defineClass(Ljava/lang/String;Ljdk/internal/loader/Resource;)Ljava/lang/Class; @ 34 c2
Event: 4.872 Thread 0x000001d6532f5e30 DEOPT PACKING pc=0x000001d63f91cf9c sp=0x0000008a574f89e0
Event: 4.872 Thread 0x000001d6532f5e30 DEOPT UNPACKING pc=0x000001d63efe7da2 sp=0x0000008a574f87b8 mode 2
Event: 4.872 Thread 0x000001d6532f5e30 Uncommon trap: trap_request=0xffffffde fr.pc=0x000001d63f90e87c relative=0x00000000000056dc
Event: 4.872 Thread 0x000001d6532f5e30 Uncommon trap: reason=class_check action=maybe_recompile pc=0x000001d63f90e87c method=java.net.URLClassLoader.defineClass(Ljava/lang/String;Ljdk/internal/loader/Resource;)Ljava/lang/Class; @ 34 c2
Event: 4.872 Thread 0x000001d6532f5e30 DEOPT PACKING pc=0x000001d63f90e87c sp=0x0000008a574f8920
Event: 4.872 Thread 0x000001d6532f5e30 DEOPT UNPACKING pc=0x000001d63efe7da2 sp=0x0000008a574f8860 mode 2
Event: 4.876 Thread 0x000001d6532f5e30 Uncommon trap: trap_request=0xffffffde fr.pc=0x000001d63f8ffef8 relative=0x00000000000056d8
Event: 4.876 Thread 0x000001d6532f5e30 Uncommon trap: reason=class_check action=maybe_recompile pc=0x000001d63f8ffef8 method=java.net.URLClassLoader.defineClass(Ljava/lang/String;Ljdk/internal/loader/Resource;)Ljava/lang/Class; @ 34 c2
Event: 4.876 Thread 0x000001d6532f5e30 DEOPT PACKING pc=0x000001d63f8ffef8 sp=0x0000008a574f8b90
Event: 4.876 Thread 0x000001d6532f5e30 DEOPT UNPACKING pc=0x000001d63efe7da2 sp=0x0000008a574f8b38 mode 2
Event: 4.940 Thread 0x000001d6532f5e30 Uncommon trap: trap_request=0xffffff45 fr.pc=0x000001d63f96ea94 relative=0x00000000000003d4
Event: 4.940 Thread 0x000001d6532f5e30 Uncommon trap: reason=unstable_if action=reinterpret pc=0x000001d63f96ea94 method=org.gradle.internal.reflect.PropertyAccessorType.isGetGetterName(Ljava/lang/String;)Z @ 14 c2
Event: 4.940 Thread 0x000001d6532f5e30 DEOPT PACKING pc=0x000001d63f96ea94 sp=0x0000008a574f9350
Event: 4.940 Thread 0x000001d6532f5e30 DEOPT UNPACKING pc=0x000001d63efe7da2 sp=0x0000008a574f92a8 mode 2

Classes loaded (20 events):
Event: 4.841 Loading class java/io/ObjectStreamClass$1
Event: 4.841 Loading class java/io/ObjectStreamClass$1 done
Event: 4.842 Loading class java/io/ObjectStreamClass$MemberSignature
Event: 4.842 Loading class java/io/ObjectStreamClass$MemberSignature done
Event: 4.842 Loading class java/io/ObjectStreamClass$3
Event: 4.842 Loading class java/io/ObjectStreamClass$3 done
Event: 4.842 Loading class java/io/ObjectStreamClass$4
Event: 4.842 Loading class java/io/ObjectStreamClass$4 done
Event: 4.842 Loading class java/io/ObjectStreamClass$5
Event: 4.842 Loading class java/io/ObjectStreamClass$5 done
Event: 4.842 Loading class java/io/ObjectStreamClass$ClassDataSlot
Event: 4.842 Loading class java/io/ObjectStreamClass$ClassDataSlot done
Event: 4.845 Loading class java/io/SerialCallbackContext
Event: 4.845 Loading class java/io/SerialCallbackContext done
Event: 4.864 Loading class java/lang/invoke/SerializedLambda$1
Event: 4.864 Loading class java/lang/invoke/SerializedLambda$1 done
Event: 4.911 Loading class java/util/DualPivotQuicksort
Event: 4.911 Loading class java/util/DualPivotQuicksort done
Event: 4.938 Loading class java/util/function/LongUnaryOperator
Event: 4.938 Loading class java/util/function/LongUnaryOperator done

Classes unloaded (0 events):
No events

Classes redefined (0 events):
No events

Internal exceptions (20 events):
Event: 4.823 Thread 0x000001d6532f5e30 Exception <a 'java/lang/NoSuchMethodError'{0x0000000084ee66e0}: 'void java.lang.invoke.DelegatingMethodHandle$Holder.reinvoke_L(java.lang.Object, java.lang.Object, int)'> (0x0000000084ee66e0) 
thrown [s\src\hotspot\share\interpreter\linkResolver.cpp, line 784]
Event: 4.823 Thread 0x000001d6532f5e30 Exception <a 'java/lang/NoSuchMethodError'{0x0000000084eeda48}: 'int java.lang.invoke.Invokers$Holder.invokeExact_MT(java.lang.Object, java.lang.Object, java.lang.Object)'> (0x0000000084eeda48) 
thrown [s\src\hotspot\share\interpreter\linkResolver.cpp, line 784]
Event: 4.825 Thread 0x000001d6532f5e30 Exception <a 'java/lang/NoSuchMethodError'{0x0000000084d07978}: 'long java.lang.invoke.DelegatingMethodHandle$Holder.reinvoke_L(java.lang.Object, java.lang.Object)'> (0x0000000084d07978) 
thrown [s\src\hotspot\share\interpreter\linkResolver.cpp, line 784]
Event: 4.825 Thread 0x000001d6532f5e30 Exception <a 'java/lang/NoSuchMethodError'{0x0000000084d11ff0}: 'void java.lang.invoke.DelegatingMethodHandle$Holder.reinvoke_L(java.lang.Object, java.lang.Object, long)'> (0x0000000084d11ff0) 
thrown [s\src\hotspot\share\interpreter\linkResolver.cpp, line 784]
Event: 4.825 Thread 0x000001d6532f5e30 Exception <a 'java/lang/NoSuchMethodError'{0x0000000084d19570}: 'long java.lang.invoke.Invokers$Holder.invokeExact_MT(java.lang.Object, java.lang.Object, java.lang.Object)'> (0x0000000084d19570) 
thrown [s\src\hotspot\share\interpreter\linkResolver.cpp, line 784]
Event: 4.842 Thread 0x000001d653167450 Exception <a 'java/lang/NoSuchMethodError'{0x0000000084ca0200}: static Lorg/gradle/internal/build/event/types/DefaultOperationStartedProgressEvent;.<clinit>()V> (0x0000000084ca0200) 
thrown [s\src\hotspot\share\prims\jni.cpp, line 1139]
Event: 4.842 Thread 0x000001d653167450 Exception <a 'java/lang/NoSuchMethodError'{0x0000000084ca3158}: static Lorg/gradle/internal/build/event/types/AbstractProgressEvent;.<clinit>()V> (0x0000000084ca3158) 
thrown [s\src\hotspot\share\prims\jni.cpp, line 1139]
Event: 4.843 Thread 0x000001d653167450 Exception <a 'java/lang/NoSuchMethodError'{0x0000000084cb6598}: static Lorg/gradle/internal/build/event/types/DefaultProjectConfigurationDescriptor;.<clinit>()V> (0x0000000084cb6598) 
thrown [s\src\hotspot\share\prims\jni.cpp, line 1139]
Event: 4.843 Thread 0x000001d653167450 Exception <a 'java/lang/NoSuchMethodError'{0x0000000084b02700}: static Lorg/gradle/internal/build/event/types/DefaultOperationDescriptor;.<clinit>()V> (0x0000000084b02700) 
thrown [s\src\hotspot\share\prims\jni.cpp, line 1139]
Event: 4.843 Thread 0x000001d653167450 Exception <a 'java/lang/NoSuchMethodError'{0x0000000084b064e8}: 'long java.lang.invoke.DirectMethodHandle$Holder.invokeSpecial(java.lang.Object, java.lang.Object)'> (0x0000000084b064e8) 
thrown [s\src\hotspot\share\interpreter\linkResolver.cpp, line 784]
Event: 4.843 Thread 0x000001d653167450 Exception <a 'java/lang/NoSuchMethodError'{0x0000000084b0a028}: 'long java.lang.invoke.Invokers$Holder.invokeExact_MT(java.lang.Object, java.lang.Object)'> (0x0000000084b0a028) 
thrown [s\src\hotspot\share\interpreter\linkResolver.cpp, line 784]
Event: 4.844 Thread 0x000001d653167450 Exception <a 'java/lang/NoSuchMethodError'{0x0000000084b23268}: static Lorg/gradle/internal/operations/OperationIdentifier;.<clinit>()V> (0x0000000084b23268) 
thrown [s\src\hotspot\share\prims\jni.cpp, line 1139]
Event: 4.858 Thread 0x000001d6532f5e30 Exception <a 'java/lang/NoSuchMethodError'{0x0000000084a81af8}: 'void java.lang.invoke.Invokers$Holder.invokeExact_MT(java.lang.Object, java.lang.Object, java.lang.Object, java.lang.Object)'> (0x0000000084a81af8) 
thrown [s\src\hotspot\share\interpreter\linkResolver.cpp, line 784]
Event: 4.860 Thread 0x000001d6532f5e30 Exception <a 'java/lang/ClassNotFoundException'{0x0000000084abef08}: org/gradle/internal/serialize/codecs/core/ClosureCodec$BrokenScriptBeanInfo> (0x0000000084abef08) 
thrown [s\src\hotspot\share\classfile\systemDictionary.cpp, line 312]
Event: 4.860 Thread 0x000001d6532f5e30 Exception <a 'java/lang/ClassNotFoundException'{0x0000000084acda30}: org/gradle/internal/serialize/codecs/core/ClosureCodec$BrokenScriptCustomizer> (0x0000000084acda30) 
thrown [s\src\hotspot\share\classfile\systemDictionary.cpp, line 312]
Event: 4.861 Thread 0x000001d6532f5e30 Exception <a 'java/lang/ClassNotFoundException'{0x0000000084ae7aa8}: org/gradle/api/invocation/GradleBeanInfo> (0x0000000084ae7aa8) 
thrown [s\src\hotspot\share\classfile\systemDictionary.cpp, line 312]
Event: 4.861 Thread 0x000001d6532f5e30 Exception <a 'java/lang/ClassNotFoundException'{0x0000000084af3ab8}: org/gradle/api/invocation/GradleCustomizer> (0x0000000084af3ab8) 
thrown [s\src\hotspot\share\classfile\systemDictionary.cpp, line 312]
Event: 4.862 Thread 0x000001d6532f5e30 Exception <a 'java/lang/NoSuchMethodError'{0x0000000084916578}: 'void java.lang.invoke.Invokers$Holder.invokeExact_MT(java.lang.Object, java.lang.Object, int, java.lang.Object)'> (0x0000000084916578) 
thrown [s\src\hotspot\share\interpreter\linkResolver.cpp, line 784]
Event: 4.865 Thread 0x000001d6532f5e30 Exception <a 'java/lang/NoSuchMethodError'{0x0000000084947db8}: 'void java.lang.invoke.Invokers$Holder.invokeExact_MT(java.lang.Object, java.lang.Object, long, java.lang.Object)'> (0x0000000084947db8) 
thrown [s\src\hotspot\share\interpreter\linkResolver.cpp, line 784]
Event: 4.938 Thread 0x000001d6532f5e30 Exception <a 'java/lang/NoSuchMethodError'{0x000000008426aec8}: 'long java.lang.invoke.DirectMethodHandle$Holder.invokeStatic(java.lang.Object, long)'> (0x000000008426aec8) 
thrown [s\src\hotspot\share\interpreter\linkResolver.cpp, line 784]

ZGC Phase Switch (0 events):
No events

VM Operations (20 events):
Event: 4.255 Executing VM operation: CollectForMetadataAllocation (Metadata GC Threshold)
Event: 4.259 Executing VM operation: CollectForMetadataAllocation (Metadata GC Threshold) done
Event: 4.272 Executing VM operation: G1PauseRemark
Event: 4.274 Executing VM operation: G1PauseRemark done
Event: 4.282 Executing VM operation: G1PauseCleanup
Event: 4.283 Executing VM operation: G1PauseCleanup done
Event: 4.599 Executing VM operation: G1CollectForAllocation (G1 Evacuation Pause)
Event: 4.601 Executing VM operation: G1CollectForAllocation (G1 Evacuation Pause) done
Event: 4.659 Executing VM operation: HandshakeAllThreads (Deoptimize)
Event: 4.659 Executing VM operation: HandshakeAllThreads (Deoptimize) done
Event: 4.706 Executing VM operation: HandshakeAllThreads (Deoptimize)
Event: 4.706 Executing VM operation: HandshakeAllThreads (Deoptimize) done
Event: 4.731 Executing VM operation: ICBufferFull
Event: 4.731 Executing VM operation: ICBufferFull done
Event: 4.780 Executing VM operation: HandshakeAllThreads (Deoptimize)
Event: 4.780 Executing VM operation: HandshakeAllThreads (Deoptimize) done
Event: 4.842 Executing VM operation: HandshakeAllThreads (Deoptimize)
Event: 4.842 Executing VM operation: HandshakeAllThreads (Deoptimize) done
Event: 5.842 Executing VM operation: Cleanup
Event: 5.842 Executing VM operation: Cleanup done

Memory protections (0 events):
No events

Nmethod flushes (20 events):
Event: 4.274 Thread 0x000001d64cc6d030 flushing  nmethod 0x000001d637d45290
Event: 4.274 Thread 0x000001d64cc6d030 flushing  nmethod 0x000001d637d46a10
Event: 4.274 Thread 0x000001d64cc6d030 flushing  nmethod 0x000001d637d48610
Event: 4.274 Thread 0x000001d64cc6d030 flushing  nmethod 0x000001d637d4a990
Event: 4.274 Thread 0x000001d64cc6d030 flushing  nmethod 0x000001d637febe90
Event: 4.274 Thread 0x000001d64cc6d030 flushing  nmethod 0x000001d63f7e9890
Event: 4.274 Thread 0x000001d64cc6d030 flushing  nmethod 0x000001d637b93a10
Event: 4.274 Thread 0x000001d64cc6d030 flushing  nmethod 0x000001d637bdea10
Event: 4.274 Thread 0x000001d64cc6d030 flushing  nmethod 0x000001d637bdf790
Event: 4.274 Thread 0x000001d64cc6d030 flushing  nmethod 0x000001d637be1210
Event: 4.274 Thread 0x000001d64cc6d030 flushing  nmethod 0x000001d637cc3590
Event: 4.274 Thread 0x000001d64cc6d030 flushing  nmethod 0x000001d637d2ad90
Event: 4.274 Thread 0x000001d64cc6d030 flushing  nmethod 0x000001d637d2be10
Event: 4.274 Thread 0x000001d64cc6d030 flushing  nmethod 0x000001d637d2c790
Event: 4.274 Thread 0x000001d64cc6d030 flushing  nmethod 0x000001d637d2d190
Event: 4.274 Thread 0x000001d64cc6d030 flushing  nmethod 0x000001d637d2db10
Event: 4.274 Thread 0x000001d64cc6d030 flushing  nmethod 0x000001d637d2df10
Event: 4.274 Thread 0x000001d64cc6d030 flushing  nmethod 0x000001d637dd3810
Event: 4.274 Thread 0x000001d64cc6d030 flushing  nmethod 0x000001d638003e90
Event: 4.274 Thread 0x000001d64cc6d030 flushing  nmethod 0x000001d6381f5990

Events (20 events):
Event: 3.828 Thread 0x000001d6532f5e30 Thread added: 0x000001d6560abd00
Event: 3.830 Thread 0x000001d6532f5e30 Thread added: 0x000001d6560b2600
Event: 3.831 Thread 0x000001d6532f5e30 Thread added: 0x000001d6560af810
Event: 3.855 Thread 0x000001d6532f5e30 Thread added: 0x000001d6560afea0
Event: 3.856 Thread 0x000001d6532f5e30 Thread added: 0x000001d6560b1f70
Event: 3.856 Thread 0x000001d6532f5e30 Thread added: 0x000001d6560b0530
Event: 3.856 Thread 0x000001d6532f5e30 Thread added: 0x000001d6560b0bc0
Event: 3.917 Thread 0x000001d6532f5e30 Thread added: 0x000001d6560b1250
Event: 3.954 Thread 0x000001d6532f5e30 Thread added: 0x000001d6560b18e0
Event: 3.977 Thread 0x000001d6532f5e30 Thread added: 0x000001d656cf7030
Event: 3.977 Thread 0x000001d6532f5e30 Thread added: 0x000001d656cf9790
Event: 3.977 Thread 0x000001d6532f5e30 Thread added: 0x000001d656cfab40
Event: 3.978 Thread 0x000001d6532f5e30 Thread added: 0x000001d656cf76c0
Event: 3.992 Thread 0x000001d6532f5e30 Thread added: 0x000001d656cf8a70
Event: 4.005 Thread 0x000001d6532f5e30 Thread added: 0x000001d656cf7d50
Event: 4.011 Thread 0x000001d6532f5e30 Thread added: 0x000001d656cf9100
Event: 4.536 Thread 0x000001d64cdc6e70 Thread exited: 0x000001d64cdc6e70
Event: 4.603 Thread 0x000001d64cdc82e0 Thread exited: 0x000001d64cdc82e0
Event: 4.821 Thread 0x000001d64cdc7c10 Thread exited: 0x000001d64cdc7c10
Event: 4.887 Thread 0x000001d64cdca4f0 Thread added: 0x000001d653beca40


Dynamic libraries:
0x00007ff7f5e70000 - 0x00007ff7f5e7a000 	C:\Program Files\Android\Android Studio\jbr\bin\java.exe
0x00007ffa2eae0000 - 0x00007ffa2ed48000 	C:\WINDOWS\SYSTEM32\ntdll.dll
0x00007ffa2da10000 - 0x00007ffa2dad9000 	C:\WINDOWS\System32\KERNEL32.DLL
0x00007ffa2c400000 - 0x00007ffa2c7f2000 	C:\WINDOWS\System32\KERNELBASE.dll
0x00007ffa2c2b0000 - 0x00007ffa2c3fb000 	C:\WINDOWS\System32\ucrtbase.dll
0x00007ff9f7a70000 - 0x00007ff9f7a8b000 	C:\Program Files\Android\Android Studio\jbr\bin\VCRUNTIME140.dll
0x00007ffa13290000 - 0x00007ffa132a8000 	C:\Program Files\Android\Android Studio\jbr\bin\jli.dll
0x00007ffa2d4a0000 - 0x00007ffa2d665000 	C:\WINDOWS\System32\USER32.dll
0x00007ffa04d60000 - 0x00007ffa04ff3000 	C:\WINDOWS\WinSxS\amd64_microsoft.windows.common-controls_6595b64144ccf1df_6.0.26100.6899_none_3e0efeeae32e88c1\COMCTL32.dll
0x00007ffa2c150000 - 0x00007ffa2c177000 	C:\WINDOWS\System32\win32u.dll
0x00007ffa2d6c0000 - 0x00007ffa2d6eb000 	C:\WINDOWS\System32\GDI32.dll
0x00007ffa2d8d0000 - 0x00007ffa2d979000 	C:\WINDOWS\System32\msvcrt.dll
0x00007ffa2c180000 - 0x00007ffa2c2ad000 	C:\WINDOWS\System32\gdi32full.dll
0x00007ffa2c800000 - 0x00007ffa2c8a3000 	C:\WINDOWS\System32\msvcp_win.dll
0x00007ffa2d670000 - 0x00007ffa2d69f000 	C:\WINDOWS\System32\IMM32.DLL
0x00007ffa1e500000 - 0x00007ffa1e50c000 	C:\Program Files\Android\Android Studio\jbr\bin\vcruntime140_1.dll
0x00007ff961bd0000 - 0x00007ff961c5d000 	C:\Program Files\Android\Android Studio\jbr\bin\msvcp140.dll
0x00007ff988180000 - 0x00007ff988e0b000 	C:\Program Files\Android\Android Studio\jbr\bin\server\jvm.dll
0x00007ffa2c930000 - 0x00007ffa2c9e4000 	C:\WINDOWS\System32\ADVAPI32.dll
0x00007ffa2e2e0000 - 0x00007ffa2e386000 	C:\WINDOWS\System32\sechost.dll
0x00007ffa2e130000 - 0x00007ffa2e248000 	C:\WINDOWS\System32\RPCRT4.dll
0x00007ffa2c8b0000 - 0x00007ffa2c924000 	C:\WINDOWS\System32\WS2_32.dll
0x00007ffa2a870000 - 0x00007ffa2a8ce000 	C:\WINDOWS\SYSTEM32\POWRPROF.dll
0x00007ffa1e560000 - 0x00007ffa1e56b000 	C:\WINDOWS\SYSTEM32\VERSION.dll
0x00007ffa1ec80000 - 0x00007ffa1ecb5000 	C:\WINDOWS\SYSTEM32\WINMM.dll
0x00007ffa2a850000 - 0x00007ffa2a864000 	C:\WINDOWS\SYSTEM32\UMPDC.dll
0x00007ffa2ab60000 - 0x00007ffa2ab7b000 	C:\WINDOWS\SYSTEM32\kernel.appcore.dll
0x00007ffa1dd00000 - 0x00007ffa1dd0a000 	C:\Program Files\Android\Android Studio\jbr\bin\jimage.dll
0x00007ffa28d10000 - 0x00007ffa28f52000 	C:\WINDOWS\SYSTEM32\DBGHELP.DLL
0x00007ffa2dbe0000 - 0x00007ffa2df5b000 	C:\WINDOWS\System32\combase.dll
0x00007ffa2db00000 - 0x00007ffa2dbd7000 	C:\WINDOWS\System32\OLEAUT32.dll
0x00007ffa0a6c0000 - 0x00007ffa0a6fc000 	C:\WINDOWS\SYSTEM32\dbgcore.DLL
0x00007ffa2bdc0000 - 0x00007ffa2be58000 	C:\WINDOWS\System32\bcryptPrimitives.dll
0x00007ffa13280000 - 0x00007ffa1328e000 	C:\Program Files\Android\Android Studio\jbr\bin\instrument.dll
0x00007ff9f7a50000 - 0x00007ff9f7a70000 	C:\Program Files\Android\Android Studio\jbr\bin\java.dll
0x00007ff9ecf60000 - 0x00007ff9ecf78000 	C:\Program Files\Android\Android Studio\jbr\bin\zip.dll
0x00007ffa2cbb0000 - 0x00007ffa2d2fd000 	C:\WINDOWS\System32\SHELL32.dll
0x00007ffa2be60000 - 0x00007ffa2bfcb000 	C:\WINDOWS\System32\wintypes.dll
0x00007ffa298b0000 - 0x00007ffa2a10d000 	C:\WINDOWS\SYSTEM32\windows.storage.dll
0x00007ffa2e990000 - 0x00007ffa2ea82000 	C:\WINDOWS\System32\SHCORE.dll
0x00007ffa2e390000 - 0x00007ffa2e3f2000 	C:\WINDOWS\System32\shlwapi.dll
0x00007ffa2bb90000 - 0x00007ffa2bbb9000 	C:\WINDOWS\SYSTEM32\profapi.dll
0x00007ffa156e0000 - 0x00007ffa156f0000 	C:\Program Files\Android\Android Studio\jbr\bin\net.dll
0x00007ffa25260000 - 0x00007ffa2537f000 	C:\WINDOWS\SYSTEM32\WINHTTP.dll
0x00007ffa2b0d0000 - 0x00007ffa2b13b000 	C:\WINDOWS\system32\mswsock.dll
0x00007ff9d81c0000 - 0x00007ff9d81d6000 	C:\Program Files\Android\Android Studio\jbr\bin\nio.dll
0x00007ff9eb220000 - 0x00007ff9eb230000 	C:\Program Files\Android\Android Studio\jbr\bin\verify.dll
0x00007ff9619e0000 - 0x00007ff961a07000 	C:\Users\Victor Gimenes\.gradle\native\1def1411415f61bf3af743bc5b6707747c0891f09f0c88961ee8f79bc544acac\windows-amd64\native-platform.dll
0x00007ff961a50000 - 0x00007ff961ac8000 	C:\Users\Victor Gimenes\.gradle\native\0.2.7\x86_64-windows-gnu\gradle-fileevents.dll
0x00007ff9f7a40000 - 0x00007ff9f7a49000 	C:\Program Files\Android\Android Studio\jbr\bin\management.dll
0x00007ff9f7910000 - 0x00007ff9f791b000 	C:\Program Files\Android\Android Studio\jbr\bin\management_ext.dll
0x00007ffa2d6b0000 - 0x00007ffa2d6b8000 	C:\WINDOWS\System32\PSAPI.DLL
0x00007ffa2a4a0000 - 0x00007ffa2a4d4000 	C:\WINDOWS\SYSTEM32\IPHLPAPI.DLL
0x00007ffa2ca40000 - 0x00007ffa2ca4a000 	C:\WINDOWS\System32\NSI.dll
0x00007ffa156b0000 - 0x00007ffa156b9000 	C:\Program Files\Android\Android Studio\jbr\bin\extnet.dll
0x00007ffa2b390000 - 0x00007ffa2b3ab000 	C:\WINDOWS\SYSTEM32\CRYPTSP.dll
0x00007ffa2aaa0000 - 0x00007ffa2aadb000 	C:\WINDOWS\system32\rsaenh.dll
0x00007ffa2b170000 - 0x00007ffa2b19b000 	C:\WINDOWS\SYSTEM32\USERENV.dll
0x00007ffa2bb60000 - 0x00007ffa2bb86000 	C:\WINDOWS\SYSTEM32\bcrypt.dll
0x00007ffa2b380000 - 0x00007ffa2b38c000 	C:\WINDOWS\SYSTEM32\CRYPTBASE.dll
0x00007ff9e9820000 - 0x00007ff9e9828000 	C:\WINDOWS\system32\wshunix.dll

dbghelp: loaded successfully - version: 4.0.5 - missing functions: none
symbol engine: initialized successfully - sym options: 0x614 - pdb path: .;C:\Program Files\Android\Android Studio\jbr\bin;C:\WINDOWS\SYSTEM32;C:\WINDOWS\WinSxS\amd64_microsoft.windows.common-controls_6595b64144ccf1df_6.0.26100.6899_none_3e0efeeae32e88c1;C:\Program Files\Android\Android Studio\jbr\bin\server;C:\Users\Victor Gimenes\.gradle\native\1def1411415f61bf3af743bc5b6707747c0891f09f0c88961ee8f79bc544acac\windows-amd64;C:\Users\Victor Gimenes\.gradle\native\0.2.7\x86_64-windows-gnu

VM Arguments:
jvm_args: --add-opens=java.base/java.lang=ALL-UNNAMED --add-opens=java.base/java.lang.invoke=ALL-UNNAMED --add-opens=java.base/java.util=ALL-UNNAMED --add-opens=java.prefs/java.util.prefs=ALL-UNNAMED --add-exports=jdk.compiler/com.sun.tools.javac.api=ALL-UNNAMED --add-exports=jdk.compiler/com.sun.tools.javac.util=ALL-UNNAMED --add-opens=java.base/java.util=ALL-UNNAMED --add-opens=java.prefs/java.util.prefs=ALL-UNNAMED --add-opens=java.base/java.nio.charset=ALL-UNNAMED --add-opens=java.base/java.net=ALL-UNNAMED --add-opens=java.base/java.util.concurrent.atomic=ALL-UNNAMED --add-opens=java.xml/javax.xml.namespace=ALL-UNNAMED -Xmx2048m -Dfile.encoding=UTF-8 -Duser.country=BR -Duser.language=pt -Duser.variant -javaagent:C:\Users\Victor Gimenes\.gradle\wrapper\dists\gradle-8.13-bin\5xuhj0ry160q40clulazy9h7d\gradle-8.13\lib\agents\gradle-instrumentation-agent-8.13.jar 
java_command: org.gradle.launcher.daemon.bootstrap.GradleDaemon 8.13
java_class_path (initial): C:\Users\Victor Gimenes\.gradle\wrapper\dists\gradle-8.13-bin\5xuhj0ry160q40clulazy9h7d\gradle-8.13\lib\gradle-daemon-main-8.13.jar
Launcher Type: SUN_STANDARD

[Global flags]
     intx CICompilerCount                          = 12                                        {product} {ergonomic}
     uint ConcGCThreads                            = 3                                         {product} {ergonomic}
     uint G1ConcRefinementThreads                  = 13                                        {product} {ergonomic}
   size_t G1HeapRegionSize                         = 1048576                                   {product} {ergonomic}
    uintx GCDrainStackTargetSize                   = 64                                        {product} {ergonomic}
   size_t InitialHeapSize                          = 264241152                                 {product} {ergonomic}
   size_t MarkStackSize                            = 4194304                                   {product} {ergonomic}
   size_t MaxHeapSize                              = 2147483648                                {product} {command line}
   size_t MaxNewSize                               = 1287651328                                {product} {ergonomic}
   size_t MinHeapDeltaBytes                        = 1048576                                   {product} {ergonomic}
   size_t MinHeapSize                              = 8388608                                   {product} {ergonomic}
    uintx NonNMethodCodeHeapSize                   = 7602480                                {pd product} {ergonomic}
    uintx NonProfiledCodeHeapSize                  = 122027880                              {pd product} {ergonomic}
    uintx ProfiledCodeHeapSize                     = 122027880                              {pd product} {ergonomic}
    uintx ReservedCodeCacheSize                    = 251658240                              {pd product} {ergonomic}
     bool SegmentedCodeCache                       = true                                      {product} {ergonomic}
   size_t SoftMaxHeapSize                          = 2147483648                             {manageable} {ergonomic}
     bool UseCompressedOops                        = true                           {product lp64_product} {ergonomic}
     bool UseG1GC                                  = true                                      {product} {ergonomic}
     bool UseLargePagesIndividualAllocation        = false                                  {pd product} {ergonomic}

Logging:
Log output configuration:
 #0: stdout all=warning uptime,level,tags foldmultilines=false
 #1: stderr all=off uptime,level,tags foldmultilines=false

Environment Variables:
PATH=C:\ProgramData\Oracle\Java\javapath;C:\Program Files (x86)\Common Files\Oracle\Java\javapath;C:\Windows\system32;C:\Windows;C:\Windows\System32\Wbem;C:\Windows\System32\WindowsPowerShell\v1.0\;C:\Windows\System32\OpenSSH\;C:\Program Files\dotnet\;C:\Program Files (x86)\NVIDIA Corporation\PhysX\Common;C:\WINDOWS\system32;C:\WINDOWS;C:\WINDOWS\System32\Wbem;C:\WINDOWS\System32\WindowsPowerShell\v1.0\;C:\WINDOWS\System32\OpenSSH\;C:\Program Files\NVIDIA Corporation\NVIDIA app\NvDLISR;C:\Program Files\Git\cmd;C:\Users\Victor Gimenes\AppData\Local\Programs\Python\Python313\Scripts\;C:\Users\Victor Gimenes\AppData\Local\Programs\Python\Python313\;C:\Program Files\MySQL\MySQL Shell 8.0\bin\;C:\Users\Victor Gimenes\AppData\Local\Microsoft\WindowsApps;C:\intelFPGA\20.1\modelsim_ase\win32aloem;C:\Users\Victor Gimenes\AppData\Local\Programs\Microsoft VS Code\bin;
USERNAME=Victor Gimenes
OS=Windows_NT
PROCESSOR_IDENTIFIER=Intel64 Family 6 Model 141 Stepping 1, GenuineIntel
TMP=C:\Users\VICTOR~1\AppData\Local\Temp
TEMP=C:\Users\VICTOR~1\AppData\Local\Temp




Periodic native trim disabled

JNI global refs:
JNI global refs: 38, weak refs: 1

JNI global refs memory usage: 835, weak refs: 833

Process memory usage:
Resident Set Size: 325932K (1% of 16497444K total physical memory with 892740K free physical memory)

OOME stack traces (most recent first):
Classloader memory used:
Loader org.gradle.internal.classloader.VisitableURLClassLoader                         : 35935K
Loader bootstrap                                                                       : 22881K
Loader org.gradle.initialization.MixInLegacyTypesClassLoader                           : 8929K
Loader jdk.internal.loader.ClassLoaders$PlatformClassLoader                            : 543K
Loader jdk.internal.loader.ClassLoaders$AppClassLoader                                 : 235K
Loader org.gradle.groovy.scripts.internal.DefaultScriptCompilationHandler$ScriptClassLoader: 99272B
Loader jdk.internal.reflect.DelegatingClassLoader                                      : 68520B
Loader org.gradle.internal.classloader.VisitableURLClassLoader                         : 65400B
Loader org.gradle.internal.classloader.VisitableURLClassLoader$InstrumentingVisitableURLClassLoader: 18352B
Loader org.codehaus.groovy.runtime.callsite.CallSiteClassLoader                        : 10064B

Classes loaded by more than one classloader:
Class org.gradle.internal.classloader.FilteringClassLoader                            : loaded 2 times (x 101B)
Class org.gradle.internal.classloader.ClassLoaderHierarchy                            : loaded 2 times (x 66B)
Class ijKotlinCoroutineJvmDebugInit1_21owzrb42f345ov6uv4qm9c47                        : loaded 2 times (x 175B)
Class org.gradle.api.internal.classpath.ManifestUtil                                  : loaded 2 times (x 67B)
Class org.gradle.internal.classloader.DefaultClassLoaderFactory                       : loaded 2 times (x 78B)
Class org.gradle.internal.classloader.ClassLoaderVisitor                              : loaded 2 times (x 72B)
Class org.gradle.api.internal.classpath.EffectiveClassPath                            : loaded 2 times (x 86B)
Class org.gradle.api.internal.DefaultClassPathProvider                                : loaded 2 times (x 72B)
Class [Lorg.gradle.api.internal.ClassPathProvider;                                    : loaded 2 times (x 65B)
Class org.gradle.api.internal.ClassPathProvider                                       : loaded 2 times (x 66B)
Class org.gradle.internal.service.UnknownServiceException                             : loaded 2 times (x 79B)
Class org.gradle.internal.classpath.TransformedClassPath                              : loaded 2 times (x 92B)
Class org.gradle.internal.classloader.InstrumentingClassLoader                        : loaded 2 times (x 66B)
Class ijJvmDebugger1_6gn2i290w34c8zc7o2v0y8p59$_run_closure1                          : loaded 2 times (x 135B)
Class org.gradle.internal.service.ServiceLocator                                      : loaded 2 times (x 66B)
Class org.gradle.internal.InternalTransformer                                         : loaded 2 times (x 66B)
Class org.gradle.internal.classloader.ClasspathUtil$1                                 : loaded 2 times (x 72B)
Class org.gradle.api.internal.classpath.DefaultModuleRegistry$DefaultModule           : loaded 2 times (x 82B)
Class ijKotlinCoroutineJvmDebugInit1_21owzrb42f345ov6uv4qm9c47$_run_closure1          : loaded 2 times (x 135B)
Class org.gradle.api.internal.classpath.Module                                        : loaded 2 times (x 66B)
Class org.gradle.api.internal.classpath.UnknownModuleException                        : loaded 2 times (x 78B)
Class org.gradle.api.internal.DefaultClassPathRegistry                                : loaded 2 times (x 72B)
Class org.gradle.api.internal.ClassPathRegistry                                       : loaded 2 times (x 66B)
Class org.gradle.internal.classpath.DefaultClassPath$ImmutableUniqueList              : loaded 2 times (x 195B)
Class Settings_gradle$1                                                               : loaded 2 times (x 70B)
Class Program                                                                         : loaded 2 times (x 68B)
Class org.gradle.internal.classpath.ClassPath                                         : loaded 2 times (x 66B)
Class org.gradle.api.UncheckedIOException                                             : loaded 2 times (x 78B)
Class org.gradle.internal.installation.GradleInstallation$1                           : loaded 2 times (x 71B)
Class org.gradle.api.internal.classpath.ModuleRegistry                                : loaded 2 times (x 66B)
Class org.gradle.api.internal.classpath.DefaultModuleRegistry                         : loaded 2 times (x 82B)
Class org.gradle.internal.service.ServiceLookupException                              : loaded 2 times (x 78B)
Class org.gradle.internal.classloader.ClassLoaderFactory                              : loaded 2 times (x 66B)
Class org.gradle.internal.service.CachingServiceLocator                               : loaded 2 times (x 78B)
Class org.gradle.internal.classloader.ClasspathUtil                                   : loaded 2 times (x 67B)
Class org.gradle.api.specs.Spec                                                       : loaded 2 times (x 66B)
Class org.gradle.internal.classloader.VisitableURLClassLoader$InstrumentingVisitableURLClassLoader: loaded 2 times (x 119B)
Class org.gradle.internal.classloader.VisitableURLClassLoader$Spec                    : loaded 2 times (x 70B)
Class org.gradle.internal.classpath.DefaultClassPath                                  : loaded 2 times (x 86B)
Class org.gradle.internal.classloader.ClassLoaderSpec                                 : loaded 2 times (x 67B)
Class Settings_gradle$1$1                                                             : loaded 2 times (x 70B)
Class org.gradle.internal.classloader.VisitableURLClassLoader                         : loaded 2 times (x 113B)
Class Settings_gradle                                                                 : loaded 2 times (x 124B)
Class org.gradle.internal.Cast                                                        : loaded 2 times (x 67B)
Class org.gradle.api.Action                                                           : loaded 2 times (x 66B)
Class org.gradle.internal.classpath.DefaultClassPath$ImmutableUniqueList$Builder      : loaded 2 times (x 71B)
Class org.gradle.api.GradleException                                                  : loaded 2 times (x 78B)
Class org.gradle.internal.IoActions                                                   : loaded 2 times (x 67B)
Class org.gradle.internal.classloader.SystemClassLoaderSpec                           : loaded 2 times (x 67B)
Class ijJvmDebugger1_6gn2i290w34c8zc7o2v0y8p59                                        : loaded 2 times (x 175B)
Class org.gradle.api.internal.classpath.GlobalCacheRootsProvider                      : loaded 2 times (x 66B)
Class org.gradle.internal.installation.CurrentGradleInstallationLocator               : loaded 2 times (x 67B)
Class org.gradle.internal.service.DefaultServiceLocator                               : loaded 2 times (x 79B)
Class org.gradle.internal.installation.CurrentGradleInstallation                      : loaded 2 times (x 69B)
Class org.gradle.util.internal.GUtil                                                  : loaded 2 times (x 67B)
Class org.gradle.internal.installation.GradleInstallation                             : loaded 2 times (x 71B)

---------------  S Y S T E M  ---------------

OS:
 Windows 11 , 64 bit Build 26100 (10.0.26100.6725)
OS uptime: 15 days 13:51 hours
Hyper-V role detected

CPU: total 16 (initial active 16) (8 cores per cpu, 2 threads per core) family 6 model 141 stepping 1 microcode 0x56, cx8, cmov, fxsr, ht, mmx, 3dnowpref, sse, sse2, sse3, ssse3, sse4.1, sse4.2, popcnt, lzcnt, tsc, tscinvbit, avx, avx2, aes, erms, clmul, bmi1, bmi2, adx, avx512f, avx512dq, avx512cd, avx512bw, avx512vl, sha, fma, vzeroupper, avx512_vpopcntdq, avx512_vpclmulqdq, avx512_vaes, avx512_vnni, clflush, clflushopt, clwb, avx512_vbmi2, avx512_vbmi, hv, rdtscp, rdpid, fsrm, gfni, avx512_bitalg, f16c, cet_ibt, cet_ss, avx512_ifma
Processor Information for the first 16 processors :
  Max Mhz: 2304, Current Mhz: 2304, Mhz Limit: 2304

Memory: 4k page, system-wide physical 16110M (871M free)
TotalPageFile size 65262M (AvailPageFile size 61M)
current process WorkingSet (physical memory assigned to process): 321M, peak: 347M
current process commit charge ("private bytes"): 372M, peak: 395M

vm_info: OpenJDK 64-Bit Server VM (21.0.6+-13391695-b895.109) for windows-amd64 JRE (21.0.6+-13391695-b895.109), built on 2025-04-22T21:19:17Z by "builder" with MS VC++ 16.10 / 16.11 (VS2019)

END.
